INFO:root:2020-12-18 18:07:58.813179: Обработан запрос от 2020-12-18 18:07:56.569253, размер ответа: 122
INFO:root:2020-12-18 18:12:24.106200: В запросе передан невалидный формат
INFO:root:2020-12-18 18:31:50.656437: Обработан запрос от 2020-12-18 18:31:50.481715, размер ответа: 122
INFO:root:2020-12-18 18:31:51.664664: Обработан запрос от 2020-12-18 18:31:51.474935, размер ответа: 122
INFO:root:2020-12-18 18:31:58.663325: Обработан запрос от 2020-12-18 18:31:58.475600, размер ответа: 122
INFO:root:2020-12-18 18:57:00.404945: Обработан запрос от 2020-12-18 18:57:00.225953, размер ответа: 122
INFO:root:2020-12-18 18:57:01.266221: Обработан запрос от 2020-12-18 18:57:01.139226, размер ответа: 122
INFO:root:2020-12-18 18:57:01.950494: Обработан запрос от 2020-12-18 18:57:01.776581, размер ответа: 122
INFO:root:2020-12-18 19:00:04.252914: Обработан запрос от 2020-12-18 19:00:04.113704, размер ответа: 122
INFO:root:2020-12-18 19:00:05.321416: Обработан запрос от 2020-12-18 19:00:05.125142, размер ответа: 122
INFO:root:2020-12-18 19:00:06.064492: Обработан запрос от 2020-12-18 19:00:05.903794, размер ответа: 122
INFO:root:2020-12-18 19:35:06.608955: Обработан запрос от 2020-12-18 19:35:05.335946, размер ответа: 122
INFO:root:2020-12-18 19:35:08.217240: Обработан запрос от 2020-12-18 19:35:08.091800, размер ответа: 122
INFO:root:2020-12-18 19:35:09.212635: Обработан запрос от 2020-12-18 19:35:09.014398, размер ответа: 122
INFO:root:2020-12-18 19:35:31.628015: Обработан запрос от 2020-12-18 19:35:31.396174, размер ответа: 122
INFO:root:2020-12-18 19:35:32.236933: Обработан запрос от 2020-12-18 19:35:32.063444, размер ответа: 122
2020-12-18 19:38:32.086227: Обработан запрос от 2020-12-18 19:38:31.914053, размер ответа: 122
2020-12-18 19:38:33.329507: Обработан запрос от 2020-12-18 19:38:33.131318, размер ответа: 122
2020-12-18 19:38:34.078673: Обработан запрос от 2020-12-18 19:38:33.913857, размер ответа: 122
2020-12-18 19:41:28.717288: В запросе передан невалидный формат
2020-12-18 19:41:32.442164: Обработан запрос от 2020-12-18 19:41:32.250488, размер ответа: 122
2020-12-18 19:41:35.568702: Обработан запрос от 2020-12-18 19:41:35.479804, размер ответа: 122
2020-12-18 19:41:42.585065: Обработан запрос от 2020-12-18 19:41:42.502865, размер ответа: 31
2020-12-18 19:41:47.472648: Обработан запрос от 2020-12-18 19:41:47.304746, размер ответа: 31
2020-12-18 19:41:51.685415: Обработан запрос от 2020-12-18 19:41:51.468862, размер ответа: 31
INFO:root:2020-12-18 21:51:29.156188: Обработан запрос от 2020-12-18 21:51:28.775711, размер ответа: 31
INFO:root:2020-12-18 21:52:01.439993: Обработан запрос от 2020-12-18 21:51:57.232581, размер ответа: 1140
INFO:root:2020-12-18 21:52:29.077902: В запросе передан невалидный формат
INFO:root:2020-12-18 21:52:49.207784: Истекло время ожидания запроса от 2020-12-18 21:52:44.206134
INFO:root:2020-12-18 22:18:48.667795: Истекло время ожидания запроса от 2020-12-18 22:18:43.665243
INFO:root:2020-12-18 22:18:57.117381: В запросе передан невалидный формат
INFO:root:2020-12-18 22:19:01.636757: Обработан запрос от 2020-12-18 22:19:00.601490, размер ответа: 1140
INFO:root:2020-12-18 23:28:55.488930: Обработан запрос от 2020-12-18 23:28:54.360962, размер ответа: 1140
INFO:root:2020-12-18 23:28:58.035813: Обработан запрос от 2020-12-18 23:28:57.018436, размер ответа: 1140
2020-12-18 23:29:28.677919: Обработан запрос от 2020-12-18 23:29:27.538431, размер ответа: 1140
2020-12-18 23:29:57.344200: Обработан запрос от 2020-12-18 23:29:56.548600, размер ответа: 1140
2020-12-18 23:29:59.060021: Обработан запрос от 2020-12-18 23:29:58.186779, размер ответа: 1140
2020-12-18 23:30:35.745214: Обработан запрос от 2020-12-18 23:30:34.564895, размер ответа: 1140
2020-12-18 23:30:39.948509: Обработан запрос от 2020-12-18 23:30:38.955472, размер ответа: 1140
2020-12-18 23:30:42.129850: Обработан запрос от 2020-12-18 23:30:40.943352, размер ответа: 1140
2020-12-18 23:30:46.999043: Обработан запрос от 2020-12-18 23:30:45.981914, размер ответа: 1140
2020-12-18 23:30:50.221376: Обработан запрос от 2020-12-18 23:30:50.121374, размер ответа: 31
INFO:root:2020-12-22 19:50:15.944864: Истекло время ожидания запроса от 2020-12-22 19:50:10.940428
INFO:root:2020-12-22 19:50:24.835394: Обработан запрос от 2020-12-22 19:50:24.581051, размер ответа: 439
INFO:root:2020-12-22 19:50:33.972072: Обработан запрос от 2020-12-22 19:50:33.694668, размер ответа: 753
